div, 32,2 = 1.0sum, 32,2 = 34sub, 32,2 = 30div, 2,3 = 1.0div, 2,3 = 1.0
mul, 12,12 = 144
sub, 32,23 = 9
2022-06-24T14:38:06.106522 - devops - div,12,2 = 1.0
2022-06-24T14:42:15.391022 - devops - div,12,2 = 1.0
2022-06-24T14:43:25.240247 - devops - div,12,2 = 1.0
2022-06-24T14:44:00.533909 - devops - div,12,2 = 1.0
2022-06-24T14:44:03.116885 - devops - div,12,2 = 1.0
2022-06-24T14:49:30.865837 - devops - div,12,2 = 1.0
2022-06-24T14:49:53.800771 - devops - div,32,2 = 1.0
2022-06-24T14:52:01.038458 - devops - div,12,2 = 1.0
2022-06-24T14:52:20.591654 - devops - div,12,2 = 6.0
2022-06-24T14:53:04.092171 - devops - div,32,2 = 16.0
2022-06-24T14:53:16.892141 - devops - div,64,2 = 32.0
2022-06-24T14:53:22.229649 - devops - div,64,21288 = 0.003006388575723412
2022-06-24T14:53:30.564127 - devops - div,128,2 = 64.0
2022-06-24T14:53:58.699143 - devops - mul,120,2 = 240
2022-06-24T14:54:06.622009 - devops - mul,240,2 = 480
2022-06-24T14:54:25.985065 - devops - mul,240,2 = 480
2022-06-24T14:54:29.534221 - devops - mul,120,2 = 240
2022-06-24T14:54:37.538717 - devops - mul,120,2 = 240
2022-06-29T16:06:31.166440 - devops - sum,4,4 = 8
2022-06-29T16:06:38.844795 - devops - mul,4,4 = 16
2022-06-29T16:12:54.415240 - devops - mul,4,4 = 16
2022-06-29T16:17:07.138869 - devops - mul,4,4 = 16
2022-06-29T16:20:35.384917 - devops - mul,4,4 = 16
2022-06-29T16:36:13.142107 - devops - mul,4,4 = 16
2022-06-29T16:36:51.475878 - devops - mul,5,5 = 25
2022-06-29T16:37:03.163459 - devops - div,12,2 = 6.0
2022-07-04T16:41:03.533685 - devops - sum,3,4 = 7
2022-07-04T16:42:21.214102 - devops - sum,3,4 = 7
2022-07-04T16:45:34.313913 - devops - sum,87,65 = 152
2022-07-04T16:48:10.758415 - devops - sum,3,5 = 8
2022-07-04T16:49:33.786528 - devops - sum,3,4 = 7
